Energy(eV)	Energy(eV)	3d-alpha	3d-beta	2p-alpha	2p-beta	 < S_x > 	 < S_y > 	 < S_z > 	 < S2 > 	 < L_x > 	 < L_y > 	 < L_z > 	 < L2 > 	 < LS > 	 < J2 >
-2.32055	 0.00000	1 1 1 0 0	1 1 1 0 0	1 1 1	1 1 1	 0.00000	 0.00000	 0.00000	 5.88558	 0.00000	 0.00000	-0.00000	 6.16260	 3.76032	19.56881
-2.31858	 0.00197	1 1 1 0 0	1 1 0 1 0	1 1 1	1 1 1	-0.00000	 0.00000	-0.63713	 5.84040	-0.00000	 0.00000	-0.36203	 6.26899	 3.57054	19.25048
-2.31858	 0.00197	1 1 0 1 0	1 0 1 1 0	1 1 1	1 1 1	 0.00000	 0.00000	 0.62202	 5.84040	 0.00000	 0.00000	 0.35344	 6.26899	 3.57054	19.25048
-2.30836	 0.01219	1 1 0 1 0	1 1 0 0 1	1 1 1	1 1 1	-0.00000	 0.00000	 1.30285	 5.80022	-0.00000	 0.00000	 0.69715	 6.35170	 3.07283	18.29758
-2.30836	 0.01219	1 1 1 0 1	1 0 0 1 0	1 1 1	1 1 1	-0.00000	 0.00000	-1.30285	 5.80022	-0.00000	 0.00000	-0.69715	 6.35170	 3.07283	18.29758
-2.28333	 0.03722	1 1 0 0 1	0 0 1 1 1	1 1 1	1 1 1	 0.00000	 0.00000	 1.95082	 5.81354	 0.00000	 0.00000	 1.04918	 6.34719	 2.15921	16.47915
-2.28333	 0.03722	1 1 1 0 1	1 0 1 0 0	1 1 1	1 1 1	 0.00000	 0.00000	-1.95082	 5.81354	 0.00000	 0.00000	-1.04918	 6.34719	 2.15921	16.47915
-2.20043	 0.12012	1 1 0 1 1	1 0 1 0 0	1 1 1	1 1 1	 0.00000	 0.00000	 0.00000	 5.95194	 0.00000	 0.00000	-0.00000	 6.02902	-0.89444	10.19208
-2.19956	 0.12099	1 1 0 1 0	1 1 1 0 0	1 1 1	1 1 1	-0.00000	 0.00000	-1.01282	 5.88754	-0.00000	 0.00000	 0.01282	 6.18761	-1.04636	 9.98244
-2.19956	 0.12099	1 1 0 1 0	1 1 0 1 0	1 1 1	1 1 1	 0.00000	 0.00000	 1.01163	 5.88754	 0.00000	 0.00000	-0.01281	 6.18761	-1.04636	 9.98244
-2.18593	 0.13462	1 1 1 0 1	1 0 0 0 1	1 1 1	1 1 1	 0.00000	 0.00000	-1.62240	 5.86125	 0.00000	 0.00000	-0.37760	 6.16515	-1.86226	 8.30189
-2.18593	 0.13462	1 1 0 0 1	1 1 0 1 0	1 1 1	1 1 1	-0.00000	 0.00000	 1.62240	 5.86125	-0.00000	 0.00000	 0.37760	 6.16515	-1.86226	 8.30189
-2.13202	 0.18853	1 1 0 1 1	1 0 0 1 0	1 1 1	1 1 1	-0.00000	 0.00000	-1.28573	 5.90305	 0.00000	 0.00000	 0.28601	 6.01165	-4.34955	 3.21561
-2.13202	 0.18853	1 1 0 0 1	0 1 0 1 1	1 1 1	1 1 1	-0.00000	 0.00000	 1.28559	 5.90305	 0.00000	 0.00000	-0.28598	 6.01165	-4.34955	 3.21561
-2.12679	 0.19376	1 1 0 1 1	1 0 0 0 1	1 1 1	1 1 1	 0.00000	 0.00000	-0.00000	 5.90815	-0.00000	 0.00000	 0.00000	 5.96218	-4.61538	 2.63958
-1.99971	 0.32084	1 1 0 0 0	1 1 0 1 1	1 1 1	1 1 1	 0.00000	 0.00000	-0.91203	 2.14840	 0.00000	 0.00000	 1.91179	17.12437	-1.05311	17.16656
-1.99971	 0.32084	1 1 0 1 1	0 0 1 1 0	1 1 1	1 1 1	 0.00000	 0.00000	 0.91225	 2.14840	 0.00000	 0.00000	-1.91225	17.12437	-1.05311	17.16656
-1.93872	 0.38183	1 0 1 1 1	1 0 1 0 0	1 1 1	1 1 1	-0.00000	 0.00000	-0.05863	 2.16919	-0.00000	 0.00000	 2.05863	17.53129	 1.59778	22.89603
-1.93872	 0.38183	1 1 1 0 0	0 0 1 1 1	1 1 1	1 1 1	 0.00000	 0.00000	 0.05863	 2.16919	 0.00000	 0.00000	-2.05863	17.53129	 1.59778	22.89603
-1.83611	 0.48444	1 0 1 1 0	0 0 1 1 1	1 1 1	1 1 1	-0.00000	 0.00000	 0.84879	 2.14015	 0.00000	 0.00000	 2.15121	18.13704	 3.40143	27.08004
-1.83611	 0.48444	1 1 1 0 1	0 0 0 1 1	1 1 1	1 1 1	-0.00000	 0.00000	-0.84879	 2.14015	-0.00000	 0.00000	-2.15121	18.13704	 3.40143	27.08004
-1.75000	 0.57055	1 1 0 0 1	1 1 1 0 0	1 1 1	1 1 1	-0.00000	 0.00000	-0.00000	 1.91490	 0.00000	 0.00000	 0.00000	12.80460	-0.70362	13.31227
-1.70422	 0.61633	1 1 0 0 1	0 1 1 0 1	1 1 1	1 1 1	 0.00000	 0.00000	-0.00000	 2.01228	-0.00000	 0.00000	 0.00000	12.44807	-0.91642	12.62750
-1.64815	 0.67239	1 0 1 1 0	1 1 1 0 0	1 1 1	1 1 1	-0.00000	 0.00000	-0.82463	 1.99460	-0.00000	 0.00000	 2.82463	21.15282	-3.90789	15.33163
-1.64815	 0.67239	1 1 0 0 1	0 1 1 1 0	1 1 1	1 1 1	 0.00000	 0.00000	 0.82463	 1.99460	-0.00000	 0.00000	-2.82463	21.15282	-3.90789	15.33163
-1.62434	 0.69621	1 0 1 0 1	0 1 1 1 0	1 1 1	1 1 1	-0.00000	 0.00000	 0.16812	 1.93334	 0.00000	 0.00000	 2.83188	20.88511	-1.05030	20.71785
-1.62434	 0.69621	1 1 0 1 1	1 1 0 0 0	1 1 1	1 1 1	-0.00000	 0.00000	-0.16812	 1.93334	 0.00000	 0.00000	-2.83188	20.88511	-1.05030	20.71785
-1.60520	 0.71535	1 0 1 0 0	1 1 1 1 0	1 1 1	1 1 1	-0.00000	 0.00000	 0.97672	 1.99413	 0.00000	 0.00000	 3.02328	21.92798	 3.54879	31.01969
-1.60520	 0.71535	1 1 1 0 1	0 0 1 0 1	1 1 1	1 1 1	 0.00000	 0.00000	-0.97672	 1.99413	 0.00000	 0.00000	-3.02328	21.92798	 3.54879	31.01969
-1.56154	 0.75901	1 0 1 1 1	1 0 0 1 0	1 1 1	1 1 1	-0.00000	 0.00000	 0.02247	 2.05506	 0.00000	 0.00000	-1.02247	12.60558	-0.88415	12.89235
-1.56154	 0.75901	1 0 1 0 1	1 0 1 1 0	1 1 1	1 1 1	-0.00000	 0.00000	-0.02247	 2.05506	 0.00000	 0.00000	 1.02247	12.60558	-0.88415	12.89235
-1.44837	 0.87217	1 0 1 0 1	1 0 1 0 1	1 1 1	1 1 1	 0.00000	 0.00000	 0.91664	 1.96980	-0.00000	 0.00000	 1.08336	12.57103	 0.07804	14.69692
-1.44837	 0.87217	1 1 0 0 1	1 0 0 1 1	1 1 1	1 1 1	 0.00000	 0.00000	-0.91664	 1.96980	-0.00000	 0.00000	-1.08336	12.57103	 0.07804	14.69692
-1.28565	 1.03489	1 0 1 0 1	1 0 0 1 1	1 1 1	1 1 1	-0.00000	 0.00000	-0.00000	 0.25975	-0.00000	 0.00000	 0.00000	14.78271	-0.15524	14.73197
-1.18870	 1.13185	1 1 0 1 1	0 1 1 0 0	1 1 1	1 1 1	 0.00000	 0.00000	-0.96705	 1.93411	 0.00000	 0.00000	-5.03295	30.39536	 4.83527	42.00000
-1.18870	 1.13185	0 0 0 1 0	1 1 1 1 1	1 1 1	1 1 1	-0.00000	 0.00000	 0.96705	 1.93411	 0.00000	 0.00000	 5.03295	30.39536	 4.83527	42.00000
-1.17322	 1.14733	0 1 1 1 0	1 1 0 1 0	1 1 1	1 1 1	-0.00000	 0.00000	 0.23948	 1.96423	-0.00000	 0.00000	 4.76052	29.32582	 2.45355	36.19715
-1.17322	 1.14733	1 0 1 0 1	1 1 0 1 0	1 1 1	1 1 1	 0.00000	 0.00000	-0.23948	 1.96423	-0.00000	 0.00000	-4.76052	29.32582	 2.45355	36.19715
-1.14901	 1.17153	1 0 1 1 1	0 0 0 1 1	1 1 1	1 1 1	 0.00000	 0.00000	 0.62120	 2.00033	 0.00000	 0.00000	-4.62120	28.06386	-1.93074	26.20270
-1.14901	 1.17153	0 1 1 1 0	1 0 1 0 1	1 1 1	1 1 1	-0.00000	 0.00000	-0.62120	 2.00033	-0.00000	 0.00000	 4.62120	28.06386	-1.93074	26.20270
-1.12339	 1.19716	1 0 0 1 1	1 0 1 1 0	1 1 1	1 1 1	 0.00000	 0.00000	 0.44446	 1.30004	 0.00000	 0.00000	 1.55554	10.29581	 0.56789	12.73162
-1.12339	 1.19716	1 0 1 0 0	1 1 1 0 1	1 1 1	1 1 1	 0.00000	 0.00000	-0.44446	 1.30004	-0.00000	 0.00000	-1.55554	10.29581	 0.56789	12.73162
-1.10134	 1.21920	1 0 0 1 0	0 1 1 1 1	1 1 1	1 1 1	-0.00000	 0.00000	 0.59159	 1.54814	-0.00000	 0.00000	-3.59159	22.44367	-2.21452	19.56278
-1.10134	 1.21920	0 1 1 1 0	0 1 0 1 1	1 1 1	1 1 1	 0.00000	 0.00000	-0.59159	 1.54814	-0.00000	 0.00000	 3.59159	22.44367	-2.21452	19.56278
-1.08433	 1.23622	0 1 0 1 1	1 1 1 0 0	1 1 1	1 1 1	 0.00000	 0.00000	 0.09296	 1.84908	 0.00000	 0.00000	 0.46071	16.36989	 0.00880	18.23657
-1.08433	 1.23622	0 1 1 0 0	1 1 1 1 0	1 1 1	1 1 1	-0.00000	 0.00000	-0.05984	 1.84908	 0.00000	 0.00000	-0.29661	16.36989	 0.00880	18.23657
-1.06200	 1.25854	0 1 1 1 1	0 0 0 1 1	1 1 1	1 1 1	 0.00000	 0.00000	-0.00000	 1.89699	-0.00000	 0.00000	 0.00000	20.00523	-0.39096	21.12030
-1.03154	 1.28901	0 0 1 1 0	1 1 1 1 0	1 1 1	1 1 1	-0.00000	 0.00000	 0.89430	 2.00988	-0.00000	 0.00000	 0.08126	20.91008	 1.65153	26.22302
-1.03154	 1.28901	0 0 1 1 1	0 0 1 1 1	1 1 1	1 1 1	-0.00000	 0.00000	-0.88550	 2.00988	-0.00000	 0.00000	-0.08046	20.91008	 1.65153	26.22302
-1.03006	 1.29048	0 1 0 1 1	1 1 0 1 0	1 1 1	1 1 1	 0.00000	 0.00000	 0.60770	 1.41163	 0.00000	 0.00000	 1.39230	17.93362	 0.95887	21.26300
-1.03006	 1.29048	0 1 1 0 0	1 1 1 0 1	1 1 1	1 1 1	-0.00000	 0.00000	-0.60770	 1.41163	-0.00000	 0.00000	-1.39230	17.93362	 0.95887	21.26300
-1.02054	 1.30001	1 0 0 0 1	1 1 1 1 0	1 1 1	1 1 1	 0.00000	 0.00000	-1.36722	 4.64869	-0.00000	 0.00000	-2.63278	11.14382	 2.33512	20.46274
-1.02054	 1.30001	0 0 1 1 1	0 1 1 1 0	1 1 1	1 1 1	-0.00000	 0.00000	 1.36722	 4.64869	-0.00000	 0.00000	 2.63278	11.14382	 2.33512	20.46274
-1.00788	 1.31266	0 1 1 0 1	1 0 0 1 1	1 1 1	1 1 1	-0.00000	 0.00000	-0.00000	 2.06923	 0.00000	 0.00000	 0.00000	19.40164	-0.43532	20.60022
-0.99775	 1.32279	0 1 1 0 1	0 1 1 1 0	1 1 1	1 1 1	-0.00000	 0.00000	 0.00000	 2.11074	 0.00000	 0.00000	-0.00000	17.89371	 0.45964	20.92373
-0.99253	 1.32802	0 1 1 1 0	0 0 1 1 1	1 1 1	1 1 1	-0.00000	 0.00000	-0.73176	 1.96799	 0.00000	 0.00000	-4.26824	28.25327	 1.27977	32.78080
-0.99253	 1.32802	0 0 0 1 1	1 1 0 1 1	1 1 1	1 1 1	 0.00000	 0.00000	 0.73176	 1.96799	-0.00000	 0.00000	 4.26824	28.25327	 1.27977	32.78080
-0.97918	 1.34137	0 1 1 1 1	0 0 1 0 1	1 1 1	1 1 1	 0.00000	 0.00000	-0.13829	 2.54552	-0.00000	 0.00000	-3.86171	24.49580	-1.99839	23.04455
-0.97918	 1.34137	0 0 1 1 1	0 1 1 0 1	1 1 1	1 1 1	-0.00000	 0.00000	 0.13829	 2.54552	 0.00000	 0.00000	 3.86171	24.49580	-1.99839	23.04455
-0.94550	 1.37505	0 0 1 1 1	0 1 0 1 1	1 1 1	1 1 1	 0.00000	 0.00000	 0.77951	 5.28174	-0.00000	 0.00000	 2.22049	 8.07475	 1.24177	15.84004
-0.94550	 1.37505	0 1 1 0 0	0 1 1 1 1	1 1 1	1 1 1	-0.00000	 0.00000	-0.77951	 5.28174	-0.00000	 0.00000	-2.22049	 8.07475	 1.24177	15.84004
-0.90750	 1.41304	0 1 0 1 1	1 0 1 0 1	1 1 1	1 1 1	 0.00000	 0.00000	-0.01185	 1.05849	 0.00000	 0.00000	-2.98815	19.98552	-1.01554	19.01293
-0.90750	 1.41304	0 0 0 1 1	0 1 1 1 1	1 1 1	1 1 1	-0.00000	 0.00000	 0.01185	 1.05849	 0.00000	 0.00000	 2.98815	19.98552	-1.01554	19.01293
-0.90295	 1.41760	0 0 1 0 1	1 1 1 0 1	1 1 1	1 1 1	 0.00000	 0.00000	 0.05170	 3.17421	 0.00000	 0.00000	-0.24669	10.00778	-1.31133	10.55932
-0.90295	 1.41760	0 0 1 0 1	0 1 1 1 1	1 1 1	1 1 1	-0.00000	 0.00000	 0.17447	 3.17421	-0.00000	 0.00000	-0.83254	10.00778	-1.31133	10.55932
-0.89555	 1.42500	0 1 0 0 1	1 1 1 0 1	1 1 1	1 1 1	 0.00000	 0.00000	 0.04449	 4.64501	 0.00000	 0.00000	 1.95547	 9.10976	 0.27267	14.30011
-0.89555	 1.42500	0 1 0 0 1	1 1 1 1 0	1 1 1	1 1 1	-0.00000	 0.00000	-0.04447	 4.64501	-0.00000	 0.00000	-1.95462	 9.10976	 0.27267	14.30011
-0.88048	 1.44006	0 0 0 1 1	1 1 1 1 0	1 1 1	1 1 1	 0.00000	 0.00000	-0.08568	 1.37897	 0.00000	 0.00000	-0.32063	17.86948	 0.40328	20.05502
-0.88048	 1.44006	0 0 0 1 1	1 1 1 0 1	1 1 1	1 1 1	-0.00000	 0.00000	 0.19268	 1.37897	-0.00000	 0.00000	 0.72105	17.86948	 0.40328	20.05502
-0.88033	 1.44021	0 0 1 1 1	1 1 0 1 0	1 1 1	1 1 1	-0.00000	 0.00000	 0.00000	 2.87512	-0.00000	 0.00000	-0.00000	 8.70443	-0.91961	 9.74033
-0.86530	 1.45525	0 0 1 1 1	1 1 1 0 0	1 1 1	1 1 1	 0.00000	 0.00000	 0.51894	 1.96829	 0.00000	 0.00000	 1.48106	16.33108	-0.75364	16.79210
-0.86530	 1.45525	0 1 1 0 1	0 1 1 0 1	1 1 1	1 1 1	-0.00000	 0.00000	-0.51894	 1.96829	 0.00000	 0.00000	-1.48106	16.33108	-0.75364	16.79210
-0.83458	 1.48597	0 1 0 1 0	0 1 1 1 1	1 1 1	1 1 1	 0.00000	 0.00000	-0.00000	 4.93726	 0.00000	 0.00000	 0.00000	 6.89240	-3.27658	 5.27650
-0.82201	 1.49854	0 0 1 0 1	1 1 1 1 0	1 1 1	1 1 1	 0.00000	 0.00000	 0.67255	 3.44040	 0.00000	 0.00000	-1.63666	11.95556	-2.22135	10.95325
-0.82201	 1.49854	0 0 1 0 0	1 1 1 1 1	1 1 1	1 1 1	-0.00000	 0.00000	-0.67553	 3.44040	 0.00000	 0.00000	 1.64390	11.95556	-2.22135	10.95325
-0.80927	 1.51128	0 1 0 1 1	0 1 1 1 0	1 1 1	1 1 1	 0.00000	 0.00000	 0.01954	 2.21406	-0.00000	 0.00000	 1.97963	15.16115	 0.18638	17.74796
-0.80927	 1.51128	0 1 0 1 1	1 0 0 1 1	1 1 1	1 1 1	 0.00000	 0.00000	-0.01955	 2.21406	 0.00000	 0.00000	-1.98044	15.16115	 0.18638	17.74796
-0.78767	 1.53287	0 1 0 1 0	1 1 1 0 1	1 1 1	1 1 1	-0.00000	 0.00000	 0.00000	 4.12457	-0.00000	 0.00000	-0.00000	 7.03516	-2.41788	 6.32397
-0.75954	 1.56101	0 0 0 1 1	1 0 1 1 1	1 1 1	1 1 1	 0.00000	 0.00000	 0.69033	 1.63441	-0.00000	 0.00000	 2.30967	16.77133	 1.42872	21.26317
-0.75954	 1.56101	0 1 1 0 1	0 1 0 1 1	1 1 1	1 1 1	-0.00000	 0.00000	-0.69033	 1.63441	-0.00000	 0.00000	-2.30967	16.77133	 1.42872	21.26317
-0.74242	 1.57813	0 0 1 0 1	1 1 0 1 1	1 1 1	1 1 1	 0.00000	 0.00000	-0.01101	 1.96862	 0.00000	 0.00000	 0.04079	14.98574	-0.97296	15.00844
-0.74242	 1.57813	0 0 1 0 1	1 0 1 1 1	1 1 1	1 1 1	 0.00000	 0.00000	-0.21002	 1.96862	-0.00000	 0.00000	 0.77822	14.98574	-0.97296	15.00844
-0.72938	 1.59116	0 1 0 0 0	1 1 1 1 1	1 1 1	1 1 1	-0.00000	 0.00000	-0.57082	 2.46975	-0.00000	 0.00000	 2.57080	13.20439	-1.85656	11.96102
-0.72938	 1.59116	0 1 1 0 1	0 0 1 1 1	1 1 1	1 1 1	-0.00000	 0.00000	 0.57082	 2.46975	 0.00000	 0.00000	-2.57082	13.20439	-1.85656	11.96102
-0.69877	 1.62177	0 0 1 1 0	1 0 1 1 1	1 1 1	1 1 1	 0.00000	 0.00000	-0.23769	 2.11186	-0.00000	 0.00000	-0.65207	13.95973	-1.35755	13.35649
-0.69877	 1.62177	0 0 1 1 0	0 1 1 1 1	1 1 1	1 1 1	 0.00000	 0.00000	 0.12598	 2.11186	-0.00000	 0.00000	 0.34560	13.95973	-1.35755	13.35649
-0.69291	 1.62764	0 1 1 0 1	1 1 1 0 0	1 1 1	1 1 1	-0.00000	 0.00000	-0.94525	 2.28919	 0.00000	 0.00000	-3.05475	16.28618	 2.35101	23.27738
-0.69291	 1.62764	0 0 1 1 0	1 1 0 1 1	1 1 1	1 1 1	-0.00000	 0.00000	 0.94525	 2.28919	 0.00000	 0.00000	 3.05475	16.28618	 2.35101	23.27738
-0.68417	 1.63637	0 0 1 1 0	1 1 1 0 1	1 1 1	1 1 1	 0.00000	 0.00000	 0.14711	 2.51254	 0.00000	 0.00000	 2.85289	13.04547	 0.15171	15.86142
-0.68417	 1.63637	0 1 0 0 1	0 1 1 1 1	1 1 1	1 1 1	 0.00000	 0.00000	-0.14711	 2.51254	-0.00000	 0.00000	-2.85289	13.04547	 0.15171	15.86142
-0.66543	 1.65512	0 1 0 1 1	1 0 1 1 0	1 1 1	1 1 1	 0.00000	 0.00000	-0.00000	 2.01100	-0.00000	 0.00000	 0.00000	16.06674	-0.15240	17.77295
-0.61807	 1.70248	0 0 1 1 1	1 1 0 0 1	1 1 1	1 1 1	-0.00000	 0.00000	 0.73439	 2.07885	 0.00000	 0.00000	 0.20526	11.40687	-0.14706	13.19160
-0.61807	 1.70248	0 0 1 1 1	1 0 1 1 0	1 1 1	1 1 1	-0.00000	 0.00000	-0.78096	 2.07885	-0.00000	 0.00000	-0.21827	11.40687	-0.14706	13.19160
-0.58836	 1.73219	0 1 1 0 1	1 0 1 1 0	1 1 1	1 1 1	 0.00000	 0.00000	-0.00000	 2.97170	-0.00000	 0.00000	 0.00000	 7.37371	-2.07065	 6.20412
-0.58394	 1.73660	0 1 1 0 1	1 1 0 0 1	1 1 1	1 1 1	 0.00000	 0.00000	 0.00000	 2.62171	-0.00000	 0.00000	-0.00000	 9.18534	-2.74260	 6.32185
-0.56617	 1.75438	0 0 1 1 1	1 0 0 1 1	1 1 1	1 1 1	-0.00000	 0.00000	 0.03558	 0.07602	-0.00000	 0.00000	 4.96442	41.31294	 0.16695	41.72286
-0.56617	 1.75438	0 1 1 0 1	1 1 0 1 0	1 1 1	1 1 1	-0.00000	 0.00000	-0.03558	 0.07602	-0.00000	 0.00000	-4.96442	41.31294	 0.16695	41.72286
-0.55942	 1.76113	1 0 1 0 1	1 1 1 0 0	1 1 1	1 1 1	 0.00000	 0.00000	-0.03295	 0.06589	-0.00000	 0.00000	-5.96705	41.60464	 0.16473	42.00000
-0.55942	 1.76113	0 0 0 0 1	1 1 1 1 1	1 1 1	1 1 1	 0.00000	 0.00000	 0.03295	 0.06589	 0.00000	 0.00000	 5.96705	41.60464	 0.16473	42.00000
-0.52024	 1.80031	1 0 0 1 1	1 1 0 0 1	1 1 1	1 1 1	 0.00000	 0.00000	-0.18716	 0.44100	 0.00000	 0.00000	-3.81284	34.08499	 0.51376	35.55352
-0.52024	 1.80031	0 1 0 0 1	1 0 1 1 1	1 1 1	1 1 1	 0.00000	 0.00000	 0.18716	 0.44100	 0.00000	 0.00000	 3.81284	34.08499	 0.51376	35.55352
-0.39444	 1.92611	0 1 1 1 1	1 1 0 0 0	1 1 1	1 1 1	-0.00000	 0.00000	 0.00000	 1.95611	-0.00000	 0.00000	-0.00000	10.86106	 0.39600	13.60918
-0.38181	 1.93873	0 1 0 1 0	1 1 1 1 0	1 1 1	1 1 1	-0.00000	 0.00000	 0.00932	 0.08957	-0.00000	 0.00000	 2.99068	33.59075	 0.00127	33.68286
-0.38181	 1.93873	0 1 1 1 1	1 0 0 1 0	1 1 1	1 1 1	 0.00000	 0.00000	-0.00932	 0.08957	-0.00000	 0.00000	-2.99068	33.59075	 0.00127	33.68286
-0.33429	 1.98626	0 1 1 1 1	1 0 1 0 0	1 1 1	1 1 1	-0.00000	 0.00000	-0.00000	 2.01592	 0.00000	 0.00000	 0.00000	 9.24010	-1.26132	 8.73339
-0.28590	 2.03464	0 1 1 0 1	1 0 1 0 1	1 1 1	1 1 1	 0.00000	 0.00000	-0.26922	 1.96531	-0.00000	 0.00000	-0.68708	11.58118	 0.98864	15.52377
-0.28590	 2.03464	0 1 1 0 0	1 1 0 1 1	1 1 1	1 1 1	 0.00000	 0.00000	 0.25883	 1.96531	 0.00000	 0.00000	 0.66056	11.58118	 0.98864	15.52377
-0.23412	 2.08643	1 0 0 0 0	1 1 1 1 1	1 1 1	1 1 1	-0.00000	 0.00000	-0.00000	 1.00463	 0.00000	 0.00000	 0.00000	12.48683	-0.98184	11.52778
-0.20180	 2.11875	1 0 0 1 1	0 1 0 1 1	1 1 1	1 1 1	-0.00000	 0.00000	-0.56658	 1.20369	 0.00000	 0.00000	-1.43342	12.76347	 0.66139	15.28994
-0.20180	 2.11875	0 1 1 1 1	1 0 0 0 1	1 1 1	1 1 1	 0.00000	 0.00000	 0.56656	 1.20369	-0.00000	 0.00000	 1.43337	12.76347	 0.66139	15.28994
-0.17530	 2.14525	0 1 0 1 1	0 0 1 1 1	1 1 1	1 1 1	-0.00000	 0.00000	 0.47202	 1.89461	 0.00000	 0.00000	 0.26206	12.27306	-0.87109	12.42549
-0.17530	 2.14525	0 1 0 0 1	1 1 0 1 1	1 1 1	1 1 1	 0.00000	 0.00000	-0.61653	 1.89461	-0.00000	 0.00000	-0.34229	12.27306	-0.87109	12.42549
-0.13447	 2.18608	1 0 0 1 1	0 1 1 0 1	1 1 1	1 1 1	-0.00000	 0.00000	-0.34675	 0.78665	-0.00000	 0.00000	-1.65325	17.69625	 0.31916	19.12123
-0.13447	 2.18608	1 0 0 1 0	1 0 1 1 1	1 1 1	1 1 1	 0.00000	 0.00000	 0.34534	 0.78665	-0.00000	 0.00000	 1.64653	17.69625	 0.31916	19.12123
-0.12913	 2.19142	1 0 0 0 1	0 1 1 1 1	1 1 1	1 1 1	-0.00000	 0.00000	-0.00000	 1.11783	-0.00000	 0.00000	 0.00000	15.77078	-0.31902	16.25058
-0.07037	 2.25018	0 1 1 1 1	0 0 1 1 0	1 1 1	1 1 1	-0.00000	 0.00000	 0.00703	 0.13543	-0.00000	 0.00000	 0.99244	25.45523	 0.02040	25.63144
-0.07037	 2.25018	0 1 1 1 1	0 1 0 0 1	1 1 1	1 1 1	 0.00000	 0.00000	-0.00685	 0.13543	-0.00000	 0.00000	-0.96624	25.45523	 0.02040	25.63144
-0.02000	 2.30055	1 0 0 1 1	0 1 1 1 0	1 1 1	1 1 1	-0.00000	 0.00000	 0.00000	 0.28446	 0.00000	 0.00000	-0.00000	19.94632	-0.11790	19.99499
 0.06415	 2.38469	1 0 0 0 1	1 1 1 0 1	1 1 1	1 1 1	-0.00000	 0.00000	 0.08553	 0.31563	 0.00000	 0.00000	 1.91440	21.16564	 0.12381	21.72890
 0.06415	 2.38469	1 0 1 0 0	1 1 0 1 1	1 1 1	1 1 1	-0.00000	 0.00000	-0.08553	 0.31563	 0.00000	 0.00000	-1.91447	21.16564	 0.12381	21.72890
 0.20536	 2.52590	1 0 1 0 1	1 1 0 0 1	1 1 1	1 1 1	-0.00000	 0.00000	-0.15114	 0.42062	 0.00000	 0.00000	-3.84886	23.23043	 0.72139	25.09383
 0.20536	 2.52590	0 1 1 1 0	0 1 1 0 1	1 1 1	1 1 1	 0.00000	 0.00000	 0.15114	 0.42062	-0.00000	 0.00000	 3.84886	23.23043	 0.72139	25.09383
 0.24878	 2.56932	1 0 0 1 1	1 0 0 1 1	1 1 1	1 1 1	-0.00000	 0.00000	-0.85164	 1.93515	 0.00000	 0.00000	-2.14836	23.58123	 0.07520	25.66677
 0.24878	 2.56932	0 1 1 0 0	1 0 1 1 1	1 1 1	1 1 1	 0.00000	 0.00000	 0.85164	 1.93515	-0.00000	 0.00000	 2.14836	23.58123	 0.07520	25.66677
 0.26950	 2.59004	0 1 0 1 0	1 0 1 1 1	1 1 1	1 1 1	-0.00000	 0.00000	-0.01121	 0.27450	-0.00000	 0.00000	 0.90203	10.50992	-0.14576	10.49290
 0.26950	 2.59004	0 1 0 1 0	1 1 0 1 1	1 1 1	1 1 1	 0.00000	 0.00000	 0.00915	 0.27450	 0.00000	 0.00000	-0.73589	10.50992	-0.14576	10.49290
 0.27965	 2.60020	0 1 0 1 1	0 1 0 1 1	1 1 1	1 1 1	 0.00000	 0.00000	 0.86306	 1.75003	 0.00000	 0.00000	 3.13694	25.22976	 2.38540	31.75058
 0.27965	 2.60020	1 0 0 1 1	1 1 0 1 0	1 1 1	1 1 1	 0.00000	 0.00000	-0.86306	 1.75003	-0.00000	 0.00000	-3.13694	25.22976	 2.38540	31.75058
 0.32231	 2.64286	1 0 0 1 0	1 1 1 1 0	1 1 1	1 1 1	 0.00000	 0.00000	-0.91531	 1.89051	 0.00000	 0.00000	-1.08469	18.36243	 0.21143	20.67580
 0.32231	 2.64286	0 1 1 1 0	1 0 1 1 0	1 1 1	1 1 1	-0.00000	 0.00000	 0.91527	 1.89051	-0.00000	 0.00000	 1.08465	18.36243	 0.21143	20.67580
 0.33048	 2.65102	0 0 1 1 1	1 0 1 0 1	1 1 1	1 1 1	 0.00000	 0.00000	 0.99318	 1.99176	 0.00000	 0.00000	 4.00682	23.10797	 4.09973	33.29919
 0.33048	 2.65102	1 0 0 0 1	1 0 1 1 1	1 1 1	1 1 1	-0.00000	 0.00000	-0.99318	 1.99176	-0.00000	 0.00000	-4.00682	23.10797	 4.09973	33.29919
 0.34639	 2.66694	0 1 0 1 1	0 1 1 0 1	1 1 1	1 1 1	-0.00000	 0.00000	 0.13020	 1.96312	 0.00000	 0.00000	 2.86980	24.71924	 2.12972	30.94179
 0.34639	 2.66694	0 1 1 1 0	1 1 1 0 0	1 1 1	1 1 1	-0.00000	 0.00000	-0.13020	 1.96312	 0.00000	 0.00000	-2.86980	24.71924	 2.12972	30.94179
 0.35501	 2.67556	0 1 1 1 1	0 1 1 0 0	1 1 1	1 1 1	-0.00000	 0.00000	 0.04240	 1.97973	 0.00000	 0.00000	-2.04240	22.83490	-0.85835	23.09792
 0.35501	 2.67556	0 1 1 1 1	0 1 0 1 0	1 1 1	1 1 1	-0.00000	 0.00000	-0.04239	 1.97973	-0.00000	 0.00000	 2.04201	22.83490	-0.85835	23.09792
 0.40608	 2.72663	1 0 1 0 0	1 0 1 1 1	1 1 1	1 1 1	-0.00000	 0.00000	-0.01644	 1.89622	-0.00000	 0.00000	-3.98356	23.00328	 0.09462	25.08874
 0.40608	 2.72663	0 1 0 1 1	1 1 0 0 1	1 1 1	1 1 1	 0.00000	 0.00000	 0.01644	 1.89622	-0.00000	 0.00000	 3.98356	23.00328	 0.09462	25.08874
 0.42002	 2.74057	0 1 1 1 0	1 0 0 1 1	1 1 1	1 1 1	 0.00000	 0.00000	 0.00651	 2.00119	 0.00000	 0.00000	-1.00582	17.66162	 0.00656	19.67593
 0.42002	 2.74057	0 1 1 1 0	0 1 1 1 0	1 1 1	1 1 1	 0.00000	 0.00000	-0.00651	 2.00119	 0.00000	 0.00000	 1.00512	17.66162	 0.00656	19.67593
 0.44270	 2.76325	1 0 0 1 0	1 1 1 0 1	1 1 1	1 1 1	 0.00000	 0.00000	 0.89864	 1.96640	-0.00000	 0.00000	-2.86783	25.05280	-1.54280	23.93359
 0.44270	 2.76325	1 0 0 1 0	1 1 0 1 1	1 1 1	1 1 1	-0.00000	 0.00000	-0.90880	 1.96640	-0.00000	 0.00000	 2.90025	25.05280	-1.54280	23.93359
 0.47415	 2.79470	1 0 0 1 1	0 0 1 1 1	1 1 1	1 1 1	-0.00000	 0.00000	 0.96208	 1.93672	-0.00000	 0.00000	-1.96208	22.46530	-2.08058	20.24086
 0.47415	 2.79470	0 1 1 1 0	1 1 0 0 1	1 1 1	1 1 1	-0.00000	 0.00000	-0.96099	 1.93672	 0.00000	 0.00000	 1.95985	22.46530	-2.08058	20.24086
 0.47916	 2.79971	1 0 0 1 1	1 1 1 0 0	1 1 1	1 1 1	 0.00000	 0.00000	 0.94354	 1.97232	 0.00000	 0.00000	-3.94354	22.73374	-3.82605	17.05396
 0.47916	 2.79971	1 0 0 0 1	1 1 0 1 1	1 1 1	1 1 1	-0.00000	 0.00000	-0.94354	 1.97232	 0.00000	 0.00000	 3.94354	22.73374	-3.82605	17.05396
 0.54255	 2.86309	1 0 1 0 0	0 1 1 1 1	1 1 1	1 1 1	-0.00000	 0.00000	 0.00000	 2.00861	 0.00000	 0.00000	-0.00000	17.65169	-0.44445	18.77140
 0.55578	 2.87633	1 0 1 0 1	0 1 0 1 1	1 1 1	1 1 1	 0.00000	 0.00000	-0.00000	 1.96980	-0.00000	 0.00000	 0.00000	17.57547	-1.14656	17.25215
 0.70105	 3.02160	1 0 1 1 1	1 0 0 0 1	1 1 1	1 1 1	-0.00000	 0.00000	 0.00365	 1.98303	 0.00000	 0.00000	-2.00365	 9.16073	-0.19714	10.74947
 0.70105	 3.02160	1 0 1 0 1	0 0 1 1 1	1 1 1	1 1 1	 0.00000	 0.00000	-0.00365	 1.98303	-0.00000	 0.00000	 2.00363	 9.16073	-0.19714	10.74947
 0.70232	 3.02286	1 0 1 1 1	0 1 1 0 0	1 1 1	1 1 1	 0.00000	 0.00000	-0.91036	 1.95506	-0.00000	 0.00000	-2.08964	 9.79005	 1.49000	14.72511
 0.70232	 3.02286	1 0 0 1 1	1 0 1 0 1	1 1 1	1 1 1	-0.00000	 0.00000	 0.91036	 1.95506	 0.00000	 0.00000	 2.08964	 9.79005	 1.49000	14.72511
 0.71934	 3.03989	1 0 1 1 0	0 1 1 1 0	1 1 1	1 1 1	-0.00000	 0.00000	 0.91740	 1.94079	 0.00000	 0.00000	-1.91734	 9.43434	-1.90901	 7.55712
 0.71934	 3.03989	1 0 1 1 0	0 1 0 1 1	1 1 1	1 1 1	 0.00000	 0.00000	-0.74335	 1.94079	-0.00000	 0.00000	 1.55358	 9.43434	-1.90901	 7.55712
 0.76003	 3.08058	1 0 1 1 0	1 0 0 1 1	1 1 1	1 1 1	 0.00000	 0.00000	-0.94809	 1.96558	-0.00000	 0.00000	-0.05081	10.08778	-0.35768	11.33801
 0.76003	 3.08058	1 0 1 1 0	0 1 1 0 1	1 1 1	1 1 1	 0.00000	 0.00000	 0.93602	 1.96558	-0.00000	 0.00000	 0.05016	10.08778	-0.35768	11.33801
 0.76169	 3.08223	1 0 1 1 0	1 1 0 0 1	1 1 1	1 1 1	-0.00000	 0.00000	 0.00000	 1.98640	 0.00000	 0.00000	-0.00000	10.29613	-0.66343	10.95567
 0.94392	 3.26447	1 0 1 0 1	0 1 1 0 1	1 1 1	1 1 1	 0.00000	 0.00000	 0.02358	 0.32853	-0.00000	 0.00000	 2.97642	22.10574	-0.06392	22.30643
 0.94392	 3.26447	1 1 0 1 1	0 0 1 0 1	1 1 1	1 1 1	 0.00000	 0.00000	-0.02358	 0.32853	 0.00000	 0.00000	-2.97642	22.10574	-0.06392	22.30643
 1.00980	 3.33035	1 1 0 0 0	1 1 1 1 0	1 1 1	1 1 1	-0.00000	 0.00000	 0.00000	 0.16418	 0.00000	 0.00000	-0.00000	13.95790	-0.06104	14.00000
 1.13211	 3.45265	1 0 1 1 0	1 0 1 0 1	1 1 1	1 1 1	 0.00000	 0.00000	 0.96384	 1.98444	-0.00000	 0.00000	 3.03616	13.69736	 2.94889	21.57957
 1.13211	 3.45265	1 1 1 0 0	0 1 1 1 0	1 1 1	1 1 1	 0.00000	 0.00000	-0.96384	 1.98444	 0.00000	 0.00000	-3.03616	13.69736	 2.94889	21.57957
 1.15441	 3.47496	1 1 0 1 0	1 0 1 0 1	1 1 1	1 1 1	-0.00000	 0.00000	 0.16778	 0.42742	 0.00000	 0.00000	-2.16778	18.52742	-0.36964	18.21556
 1.15441	 3.47496	1 0 1 1 0	1 1 0 1 0	1 1 1	1 1 1	-0.00000	 0.00000	-0.16778	 0.42742	-0.00000	 0.00000	 2.16777	18.52742	-0.36964	18.21556
 1.24739	 3.56794	1 1 0 1 0	1 0 0 1 1	1 1 1	1 1 1	 0.00000	 0.00000	-0.01739	 1.80985	 0.00000	 0.00000	-2.98261	14.54654	 0.01805	16.39249
 1.24739	 3.56794	1 0 1 1 0	1 0 1 1 0	1 1 1	1 1 1	-0.00000	 0.00000	 0.01739	 1.80985	 0.00000	 0.00000	 2.98261	14.54654	 0.01805	16.39249
 1.25639	 3.57693	1 0 1 1 1	0 0 1 1 0	1 1 1	1 1 1	-0.00000	 0.00000	-0.42363	 1.49412	 0.00000	 0.00000	-0.57455	 9.70520	-0.68673	 9.82585
 1.25639	 3.57693	1 0 1 1 1	0 0 1 0 1	1 1 1	1 1 1	 0.00000	 0.00000	 0.42332	 1.49412	 0.00000	 0.00000	 0.57413	 9.70520	-0.68673	 9.82585
 1.27033	 3.59088	1 1 0 0 1	1 1 0 0 1	1 1 1	1 1 1	 0.00000	 0.00000	 0.00000	 1.94241	-0.00000	 0.00000	-0.00000	 7.12489	-0.99941	 7.06848
 1.30716	 3.62771	1 0 1 1 1	0 1 0 0 1	1 1 1	1 1 1	 0.00000	 0.00000	-0.75672	 1.70689	-0.00000	 0.00000	 2.75672	14.20673	-2.60645	10.70072
 1.30716	 3.62771	1 1 0 1 1	0 1 0 0 1	1 1 1	1 1 1	-0.00000	 0.00000	 0.75672	 1.70689	-0.00000	 0.00000	-2.75672	14.20673	-2.60645	10.70072
 1.32274	 3.64329	1 1 0 1 1	0 1 0 1 0	1 1 1	1 1 1	-0.00000	 0.00000	-0.92978	 1.96112	-0.00000	 0.00000	-1.07022	 8.03725	 0.37915	10.75666
 1.32274	 3.64329	1 0 1 1 1	0 1 0 1 0	1 1 1	1 1 1	 0.00000	 0.00000	 0.92977	 1.96112	 0.00000	 0.00000	 1.07021	 8.03725	 0.37915	10.75666
 1.36043	 3.68097	1 1 0 0 0	1 1 1 0 1	1 1 1	1 1 1	-0.00000	 0.00000	-0.49096	 1.17862	-0.00000	 0.00000	-0.50512	12.02339	 0.47559	14.15319
 1.36043	 3.68097	1 0 1 1 1	1 1 0 0 0	1 1 1	1 1 1	 0.00000	 0.00000	 0.49024	 1.17862	 0.00000	 0.00000	 0.50438	12.02339	 0.47559	14.15319
 1.38539	 3.70594	1 1 0 1 0	0 1 1 0 1	1 1 1	1 1 1	 0.00000	 0.00000	-0.00000	 1.63863	 0.00000	 0.00000	 0.00000	 8.46759	-0.71670	 8.67281
 1.43809	 3.75864	1 1 0 1 0	0 0 1 1 1	1 1 1	1 1 1	 0.00000	 0.00000	 0.00174	 1.44141	 0.00000	 0.00000	-1.00019	11.29181	-0.20010	12.33301
 1.43809	 3.75864	1 1 0 0 1	1 0 1 1 0	1 1 1	1 1 1	-0.00000	 0.00000	-0.00174	 1.44141	 0.00000	 0.00000	 1.00151	11.29181	-0.20010	12.33301
 1.44832	 3.76887	1 1 0 1 0	0 1 0 1 1	1 1 1	1 1 1	-0.00000	 0.00000	 0.00000	 1.58082	-0.00000	 0.00000	-0.00000	 7.63293	 0.03891	 9.29156
 1.65529	 3.97584	1 1 0 0 0	1 0 1 1 1	1 1 1	1 1 1	 0.00000	 0.00000	 0.95287	 1.91501	-0.00000	 0.00000	 2.04713	13.80964	 2.03149	19.78764
 1.65529	 3.97584	1 1 1 0 1	0 0 1 1 0	1 1 1	1 1 1	-0.00000	 0.00000	-0.95287	 1.91501	-0.00000	 0.00000	-2.04713	13.80964	 2.03149	19.78764
 1.69111	 4.01166	1 1 1 0 0	0 1 0 1 1	1 1 1	1 1 1	 0.00000	 0.00000	-0.00000	 0.40496	-0.00000	 0.00000	 0.00000	10.89525	-0.08803	11.12416
 1.71126	 4.03181	1 1 1 0 0	0 1 1 0 1	1 1 1	1 1 1	-0.00000	 0.00000	-0.00000	 0.38766	-0.00000	 0.00000	 0.00000	 6.44808	 0.14620	 7.12815
 1.72204	 4.04259	1 1 0 1 0	0 1 1 1 0	1 1 1	1 1 1	-0.00000	 0.00000	 0.01839	 1.95238	-0.00000	 0.00000	 1.98161	13.55920	 0.55062	16.61282
 1.72204	 4.04259	1 1 1 0 1	0 1 0 0 1	1 1 1	1 1 1	 0.00000	 0.00000	-0.01839	 1.95238	 0.00000	 0.00000	-1.98161	13.55920	 0.55062	16.61282
 1.76975	 4.09030	1 1 0 1 1	0 0 0 1 1	1 1 1	1 1 1	 0.00000	 0.00000	-0.90773	 1.88530	 0.00000	 0.00000	 1.90772	13.30404	-1.33342	12.52250
 1.76975	 4.09030	1 1 1 0 0	1 1 0 0 1	1 1 1	1 1 1	 0.00000	 0.00000	 0.90774	 1.88530	 0.00000	 0.00000	-1.90774	13.30404	-1.33342	12.52250
 1.78378	 4.10433	1 1 0 0 0	0 1 1 1 1	1 1 1	1 1 1	-0.00000	 0.00000	 0.01209	 0.02986	 0.00000	 0.00000	 3.98791	20.83654	 0.03015	20.92670
 1.78378	 4.10433	1 1 1 1 0	1 0 1 0 0	1 1 1	1 1 1	 0.00000	 0.00000	-0.01209	 0.02986	-0.00000	 0.00000	-3.98791	20.83654	 0.03015	20.92670
 2.10992	 4.43047	1 1 0 0 1	1 0 1 0 1	1 1 1	1 1 1	-0.00000	 0.00000	 0.04324	 0.10903	 0.00000	 0.00000	 2.95676	19.43299	 0.04177	19.62557
 2.10992	 4.43047	1 1 1 1 0	1 0 0 1 0	1 1 1	1 1 1	-0.00000	 0.00000	-0.04324	 0.10903	 0.00000	 0.00000	-2.95676	19.43299	 0.04177	19.62557
 2.14654	 4.46709	1 1 1 0 0	1 0 1 0 1	1 1 1	1 1 1	-0.00000	 0.00000	-0.00299	 0.04463	 0.00000	 0.00000	-0.99698	15.01144	-0.02371	15.00866
 2.14654	 4.46709	1 1 1 0 0	1 0 0 1 1	1 1 1	1 1 1	-0.00000	 0.00000	 0.00299	 0.04463	-0.00000	 0.00000	 0.99695	15.01144	-0.02371	15.00866
 2.34582	 4.66637	1 1 1 1 0	1 1 0 0 0	1 1 1	1 1 1	 0.00000	 0.00000	-0.01163	 0.04401	 0.00000	 0.00000	-1.98837	17.28763	 0.00837	17.34839
 2.34582	 4.66637	1 1 1 0 0	1 0 1 1 0	1 1 1	1 1 1	 0.00000	 0.00000	 0.01163	 0.04401	 0.00000	 0.00000	 1.98837	17.28763	 0.00837	17.34839
 2.93640	 5.25695	1 1 1 1 0	0 1 1 0 0	1 1 1	1 1 1	-0.00000	 0.00000	-0.00000	 1.92847	 0.00000	 0.00000	 0.00000	 9.62456	-2.50304	 6.54694
 2.99149	 5.31204	1 1 1 1 0	0 1 0 1 0	1 1 1	1 1 1	-0.00000	 0.00000	 0.00000	 1.99207	 0.00000	 0.00000	-0.00000	 9.23766	-1.08026	 9.06920
 3.00346	 5.32400	1 1 1 0 1	0 1 0 1 0	1 1 1	1 1 1	-0.00000	 0.00000	 0.10019	 1.99749	 0.00000	 0.00000	 0.89976	 9.18251	-1.16461	 8.85078
 3.00346	 5.32400	1 1 1 1 0	0 1 0 0 1	1 1 1	1 1 1	-0.00000	 0.00000	-0.10019	 1.99749	 0.00000	 0.00000	-0.89981	 9.18251	-1.16461	 8.85078
 3.07339	 5.39394	1 1 1 0 1	0 1 1 0 0	1 1 1	1 1 1	 0.00000	 0.00000	 0.98242	 1.96873	-0.00000	 0.00000	 1.01758	 9.00568	 0.96356	12.90154
 3.07339	 5.39394	1 1 1 1 1	0 0 0 1 0	1 1 1	1 1 1	-0.00000	 0.00000	-0.98242	 1.96873	-0.00000	 0.00000	-1.01758	 9.00568	 0.96356	12.90154
 3.21241	 5.53296	1 1 1 1 0	1 0 0 0 1	1 1 1	1 1 1	 0.00000	 0.00000	-0.00000	 1.54422	 0.00000	 0.00000	 0.00000	11.00156	 0.77377	14.09332
 3.22683	 5.54738	1 1 1 1 0	0 0 1 1 0	1 1 1	1 1 1	 0.00000	 0.00000	-0.88141	 1.96394	-0.00000	 0.00000	-0.11700	 8.39091	 0.96857	12.29199
 3.22683	 5.54738	1 1 1 1 0	0 0 1 0 1	1 1 1	1 1 1	-0.00000	 0.00000	 0.87071	 1.96394	-0.00000	 0.00000	 0.11558	 8.39091	 0.96857	12.29199
 3.35413	 5.67468	1 1 1 1 1	0 0 0 0 1	1 1 1	1 1 1	 0.00000	 0.00000	 0.00000	 0.51404	 0.00000	 0.00000	-0.00000	16.88953	 0.50792	18.41940
 3.79482	 6.11536	1 1 1 0 1	1 1 0 0 0	1 1 1	1 1 1	 0.00000	 0.00000	 0.01043	 0.03403	 0.00000	 0.00000	 0.98956	13.95894	 0.02219	14.03736
 3.79482	 6.11536	1 1 1 1 1	0 0 1 0 0	1 1 1	1 1 1	-0.00000	 0.00000	-0.01043	 0.03403	-0.00000	 0.00000	-0.98957	13.95894	 0.02219	14.03736
 4.30305	 6.62360	1 1 1 1 1	1 0 0 0 0	1 1 1	1 1 1	 0.00000	 0.00000	-0.00392	 0.00997	-0.00000	 0.00000	-1.99608	 8.53207	 0.00277	 8.54758
 4.30305	 6.62360	1 1 1 1 0	0 0 0 1 1	1 1 1	1 1 1	 0.00000	 0.00000	 0.00392	 0.00997	-0.00000	 0.00000	 1.99608	 8.53207	 0.00277	 8.54758
 5.41530	 7.73585	1 1 1 1 1	0 1 0 0 0	1 1 1	1 1 1	 0.00000	 0.00000	-0.00000	 0.00786	-0.00000	 0.00000	 0.00000	 2.14413	-0.00866	 2.13466
